[  134935ms] [ERROR] Failed to load resource: net::ERR_CONNECTION_TIMED_OUT @ https://fonts.googleapis.com/css2?family=Playfair+Display:ital,wght@0,400;0,500;0,600;0,700;1,400&family=JetBrains+Mono:wght@400;500;600&display=swap:0
[  134996ms] [INFO] %cDownload the React DevTools for a better development experience: https://react.dev/link/react-devtools font-weight:bold @ http://localhost:3000/node_modules/.vite/deps/react-dom_client.js?v=d88ec3bd:20102
[  183768ms] [WARNING] [tiptap warn]: Duplicate extension names found: ['underline']. This can lead to issues. @ http://localhost:3000/node_modules/.vite/deps/chunk-M6XETPRC.js?v=d88ec3bd:2388
[  183789ms] [WARNING] [tiptap warn]: Duplicate extension names found: ['underline']. This can lead to issues. @ http://localhost:3000/node_modules/.vite/deps/chunk-M6XETPRC.js?v=d88ec3bd:2388
[  183805ms] [ERROR] Encountered two children with the same key, `%s`. Keys should be unique so that components maintain their identity across updates. Non-unique keys may cause children to be duplicated and/or omitted — the behavior is unsupported and could change in a future version. 0 @ http://localhost:3000/node_modules/.vite/deps/react-dom_client.js?v=d88ec3bd:4924
[  183821ms] [WARNING] [tiptap warn]: Duplicate extension names found: ['underline']. This can lead to issues. @ http://localhost:3000/node_modules/.vite/deps/chunk-M6XETPRC.js?v=d88ec3bd:2388
[  210591ms] [ERROR] Encountered two children with the same key, `%s`. Keys should be unique so that components maintain their identity across updates. Non-unique keys may cause children to be duplicated and/or omitted — the behavior is unsupported and could change in a future version. 0 @ http://localhost:3000/node_modules/.vite/deps/react-dom_client.js?v=d88ec3bd:4924
[  210623ms] [ERROR] Encountered two children with the same key, `%s`. Keys should be unique so that components maintain their identity across updates. Non-unique keys may cause children to be duplicated and/or omitted — the behavior is unsupported and could change in a future version. 0 @ http://localhost:3000/node_modules/.vite/deps/react-dom_client.js?v=d88ec3bd:4924
[  372504ms] [ERROR] Failed to load resource: net::ERR_CONNECTION_TIMED_OUT @ https://fonts.googleapis.com/css2?family=Playfair+Display:ital,wght@0,400;0,500;0,600;0,700;1,400&family=JetBrains+Mono:wght@400;500;600&display=swap:0
[  372590ms] [INFO] %cDownload the React DevTools for a better development experience: https://react.dev/link/react-devtools font-weight:bold @ http://localhost:3000/node_modules/.vite/deps/react-dom_client.js?v=d88ec3bd:20102
[  373035ms] [WARNING] [tiptap warn]: Duplicate extension names found: ['underline']. This can lead to issues. @ http://localhost:3000/node_modules/.vite/deps/chunk-M6XETPRC.js?v=d88ec3bd:2388
[  373044ms] [WARNING] [tiptap warn]: Duplicate extension names found: ['underline']. This can lead to issues. @ http://localhost:3000/node_modules/.vite/deps/chunk-M6XETPRC.js?v=d88ec3bd:2388
[  373059ms] [ERROR] Encountered two children with the same key, `%s`. Keys should be unique so that components maintain their identity across updates. Non-unique keys may cause children to be duplicated and/or omitted — the behavior is unsupported and could change in a future version. 0 @ http://localhost:3000/node_modules/.vite/deps/react-dom_client.js?v=d88ec3bd:4924
[  373071ms] [WARNING] [tiptap warn]: Duplicate extension names found: ['underline']. This can lead to issues. @ http://localhost:3000/node_modules/.vite/deps/chunk-M6XETPRC.js?v=d88ec3bd:2388
[  454424ms] [ERROR] Failed to load resource: net::ERR_CONNECTION_TIMED_OUT @ https://fonts.googleapis.com/css2?family=Playfair+Display:ital,wght@0,400;0,500;0,600;0,700;1,400&family=JetBrains+Mono:wght@400;500;600&display=swap:0
[  454430ms] [INFO] %cDownload the React DevTools for a better development experience: https://react.dev/link/react-devtools font-weight:bold @ http://localhost:3000/node_modules/.vite/deps/react-dom_client.js?v=d88ec3bd:20102
[  454805ms] [WARNING] [tiptap warn]: Duplicate extension names found: ['underline']. This can lead to issues. @ http://localhost:3000/node_modules/.vite/deps/chunk-M6XETPRC.js?v=d88ec3bd:2388
[  454814ms] [WARNING] [tiptap warn]: Duplicate extension names found: ['underline']. This can lead to issues. @ http://localhost:3000/node_modules/.vite/deps/chunk-M6XETPRC.js?v=d88ec3bd:2388
[  454825ms] [ERROR] Encountered two children with the same key, `%s`. Keys should be unique so that components maintain their identity across updates. Non-unique keys may cause children to be duplicated and/or omitted — the behavior is unsupported and could change in a future version. 0 @ http://localhost:3000/node_modules/.vite/deps/react-dom_client.js?v=d88ec3bd:4924
[  454834ms] [WARNING] [tiptap warn]: Duplicate extension names found: ['underline']. This can lead to issues. @ http://localhost:3000/node_modules/.vite/deps/chunk-M6XETPRC.js?v=d88ec3bd:2388
[  507672ms] [ERROR] Failed to load resource: net::ERR_CONNECTION_TIMED_OUT @ https://fonts.googleapis.com/css2?family=Playfair+Display:ital,wght@0,400;0,500;0,600;0,700;1,400&family=JetBrains+Mono:wght@400;500;600&display=swap:0
[  507676ms] [INFO] %cDownload the React DevTools for a better development experience: https://react.dev/link/react-devtools font-weight:bold @ http://localhost:3000/node_modules/.vite/deps/react-dom_client.js?v=d88ec3bd:20102
[  605975ms] [ERROR] Failed to load resource: net::ERR_CONNECTION_TIMED_OUT @ https://fonts.googleapis.com/css2?family=Playfair+Display:ital,wght@0,400;0,500;0,600;0,700;1,400&family=JetBrains+Mono:wght@400;500;600&display=swap:0
[  605980ms] [INFO] %cDownload the React DevTools for a better development experience: https://react.dev/link/react-devtools font-weight:bold @ http://localhost:3000/node_modules/.vite/deps/react-dom_client.js?v=d88ec3bd:20102
[  621666ms] [LOG] Removed font link @ :5
[  638830ms] [ERROR] Failed to load resource: net::ERR_FAILED @ https://fonts.googleapis.com/css2?family=Playfair+Display:ital,wght@0,400;0,500;0,600;0,700;1,400&family=JetBrains+Mono:wght@400;500;600&display=swap:0
[  639061ms] [INFO] %cDownload the React DevTools for a better development experience: https://react.dev/link/react-devtools font-weight:bold @ http://localhost:3000/node_modules/.vite/deps/react-dom_client.js?v=d88ec3bd:20102
[  640345ms] [WARNING] [tiptap warn]: Duplicate extension names found: ['underline']. This can lead to issues. @ http://localhost:3000/node_modules/.vite/deps/chunk-M6XETPRC.js?v=d88ec3bd:2388
[  640360ms] [WARNING] [tiptap warn]: Duplicate extension names found: ['underline']. This can lead to issues. @ http://localhost:3000/node_modules/.vite/deps/chunk-M6XETPRC.js?v=d88ec3bd:2388
[  640372ms] [ERROR] Encountered two children with the same key, `%s`. Keys should be unique so that components maintain their identity across updates. Non-unique keys may cause children to be duplicated and/or omitted — the behavior is unsupported and could change in a future version. 0 @ http://localhost:3000/node_modules/.vite/deps/react-dom_client.js?v=d88ec3bd:4924
[  640382ms] [WARNING] [tiptap warn]: Duplicate extension names found: ['underline']. This can lead to issues. @ http://localhost:3000/node_modules/.vite/deps/chunk-M6XETPRC.js?v=d88ec3bd:2388
[  656875ms] [ERROR] Encountered two children with the same key, `%s`. Keys should be unique so that components maintain their identity across updates. Non-unique keys may cause children to be duplicated and/or omitted — the behavior is unsupported and could change in a future version. 0 @ http://localhost:3000/node_modules/.vite/deps/react-dom_client.js?v=d88ec3bd:4924
[  656910ms] [ERROR] Encountered two children with the same key, `%s`. Keys should be unique so that components maintain their identity across updates. Non-unique keys may cause children to be duplicated and/or omitted — the behavior is unsupported and could change in a future version. 0 @ http://localhost:3000/node_modules/.vite/deps/react-dom_client.js?v=d88ec3bd:4924
